*** Using Compiler 'V5.06 update 7 (build 960)', folder: 'C:\Users\ff\AppData\Local\Keil_v5\ARM\ARMCC\Bin'
Build target 'f407test'
Note: source file '..\FreeModbus\port\freertos\port.c' - object file renamed from 'f407test\port.o' to 'f407test\port_1.o'.compiling list.c...
compiling croutine.c...
compiling event_groups.c...
compiling timers.c...
compiling stream_buffer.c...
compiling heap_4.c...
compiling queue.c...
compiling port.c...
compiling tasks.c...
compiling main.c...
compiling portserial.c...
..\FreeModbus\port\freertos\portserial.c(188): warning:  #167-D: argument of type "CHAR *" is incompatible with parameter of type "uint8_t *"
          if(FifoOut(&g_Slave_serial_rx_fifo,pucByte,1) != 0)
..\FreeModbus\port\freertos\portserial.c(226): warning:  #550-D: variable "recved_event"  was set but never used
          uint32_t recved_event;
..\FreeModbus\port\freertos\portserial.c: 2 warnings, 0 errors
compiling port.c...
..\FreeModbus\port\freertos\port.c(32): warning:  #14-D: extra text after expected end of preprocessing directive
  #ifndef IS_IRQ() /*IS_IRQ Start*/
..\FreeModbus\port\freertos\port.c: 1 warning, 0 errors
compiling user_mb_app.c...
compiling portevent.c...
compiling freertos.c...
compiling cmsis_os2.c...
compiling porttimer.c...
compiling mb.c...
..\FreeModbus\modbus\mb.c(64): warning:  #550-D: variable "eMBCurrentMode"  was set but never used
  static eMBMode  eMBCurrentMode;
..\FreeModbus\modbus\mb.c: 1 warning, 0 errors
compiling mbfuncholding.c...
compiling mbfuncdisc.c...
compiling mbfuncinput.c...
compiling mbfunccoils.c...
compiling mbfuncother.c...
compiling mbcrc.c...
compiling mbutils.c...
compiling mbrtu.c...
linking...
Program Size: Code=16422 RO-data=1062 RW-data=580 ZI-data=21580  
FromELF: creating hex file...
"f407test\f407test.axf" - 0 Error(s), 4 Warning(s).
Build Time Elapsed:  00:00:30
